2021/08/23 22:42:23 {"callers":["C:/Users/zhao/OneDrive/Code/src/tour/blogService/main.go: 30 main.init.0"],"level":"error","message":"app.BindAndValid errs: [State必须是[0 1]中的一个]","time":1629729743212997300}
2021/08/23 22:42:23 {"callers":["C:/Users/zhao/OneDrive/Code/src/tour/blogService/main.go: 30 main.init.0"],"level":"error","message":"app.BindAndValid errs: [State必须是[0 1]中的一个]","time":1629729743213996000}
2021/08/24 11:31:26 {"callers":["C:/Users/zhao/OneDrive/Code/src/tour/blogService/main.go: 30 main.init.0"],"level":"error","message":"app.BindAndValid errs: [Name为必填字段]","time":1629775886975024600}
2021/08/24 11:33:49 {"callers":["C:/Users/zhao/OneDrive/Code/src/tour/blogService/main.go: 30 main.init.0"],"level":"error","message":"app.BindAndValid errs: [Name长度必须至少为3个字符]","time":1629776029732885000}
2021/08/24 11:38:34 {"callers":["C:/Users/zhao/OneDrive/Code/src/tour/blogService/main.go: 30 main.init.0"],"level":"error","message":"app.BindAndValid errs: [ID为必填字段]","time":1629776314829755900}
2021/08/24 11:47:16 {"callers":["C:/Users/zhao/OneDrive/Code/src/tour/blogService/main.go: 30 main.init.0"],"level":"error","message":"app.BindAndValid errs: [State为必填字段 ID为必填字段 Name长度必须至少为3个字符]","time":1629776836124125100}
2021/08/24 11:55:00 {"callers":["C:/Users/zhao/OneDrive/Code/src/tour/blogService/main.go: 30 main.init.0"],"level":"error","message":"app.BindAndValid errs: [Name为必填字段]","time":1629777300699438800}
2021/08/24 11:55:11 {"callers":["C:/Users/zhao/OneDrive/Code/src/tour/blogService/main.go: 30 main.init.0"],"level":"error","message":"app.BindAndValid errs: [ID为必填字段]","time":1629777311051135400}
2021/08/24 11:56:38 {"callers":["C:/Users/zhao/OneDrive/Code/src/tour/blogService/main.go: 30 main.init.0"],"level":"error","message":"app.BindAndValid errs: [ID为必填字段]","time":1629777398129569400}
2021/08/24 11:56:48 {"callers":["C:/Users/zhao/OneDrive/Code/src/tour/blogService/main.go: 30 main.init.0"],"level":"error","message":"app.BindAndValid errs: [ID为必填字段]","time":1629777408737621600}
2021/08/24 11:57:22 {"callers":["C:/Users/zhao/OneDrive/Code/src/tour/blogService/main.go: 30 main.init.0"],"level":"error","message":"app.BindAndValid errs: [ID为必填字段]","time":1629777442948026200}
2021/08/24 15:24:33 {"callers":["C:/Users/zhao/OneDrive/Code/src/tour/blogService/main.go: 30 main.init.0"],"level":"error","message":"app.BindAndValid errs: [Name长度必须至少为3个字符 State为必填字段]","time":1629789873574100000}
2021/08/24 15:24:56 {"callers":["C:/Users/zhao/OneDrive/Code/src/tour/blogService/main.go: 30 main.init.0"],"level":"error","message":"app.BindAndValid errs: [Name长度必须至少为3个字符 State为必填字段 ModifiedBy为必填字段]","time":1629789896460292200}
2021/08/24 15:25:18 {"callers":["C:/Users/zhao/OneDrive/Code/src/tour/blogService/main.go: 30 main.init.0"],"level":"error","message":"app.BindAndValid errs: [Name长度必须至少为3个字符 State为必填字段]","time":1629789918796554200}
2021/08/24 15:25:37 {"callers":["C:/Users/zhao/OneDrive/Code/src/tour/blogService/main.go: 30 main.init.0"],"level":"error","message":"app.BindAndValid errs: [Name长度必须至少为3个字符 State为必填字段]","time":1629789937173387300}
2021/08/24 15:26:41 {"callers":["C:/Users/zhao/OneDrive/Code/src/tour/blogService/main.go: 30 main.init.0"],"level":"error","message":"app.BindAndValid errs: [State为必填字段 Name长度必须至少为3个字符]","time":1629790001415584600}
2021/08/24 15:29:28 {"callers":["C:/Users/zhao/OneDrive/Code/src/tour/blogService/main.go: 30 main.init.0"],"level":"error","message":"app.BindAndValid errs: [Name长度必须至少为3个字符 State为必填字段]","time":1629790168182856000}
2021/08/24 15:29:41 {"callers":["C:/Users/zhao/OneDrive/Code/src/tour/blogService/main.go: 30 main.init.0"],"level":"error","message":"app.BindAndValid errs: [Name长度必须至少为3个字符 State为必填字段]","time":1629790181013454100}
2021/08/24 15:34:33 {"callers":["C:/Users/zhao/OneDrive/Code/src/tour/blogService/main.go: 30 main.init.0"],"level":"error","message":"app.BindAndValid errs: [Name长度必须至少为3个字符 State为必填字段]","time":1629790473227441200}
2021/08/24 15:37:09 {"callers":["C:/Users/zhao/OneDrive/Code/src/tour/blogService/main.go: 30 main.init.0"],"level":"error","message":"app.BindAndValid errs: [ID为必填字段 Name长度必须至少为3个字符 State为必填字段 ModifiedBy为必填字段]","time":1629790629432756700}
2021/08/24 15:37:47 {"callers":["C:/Users/zhao/OneDrive/Code/src/tour/blogService/main.go: 30 main.init.0"],"level":"error","message":"app.BindAndValid errs: [State为必填字段 ModifiedBy为必填字段 Name长度必须至少为3个字符]","time":1629790667460052500}
2021/08/24 15:37:56 {"callers":["C:/Users/zhao/OneDrive/Code/src/tour/blogService/main.go: 30 main.init.0"],"level":"error","message":"app.BindAndValid errs: [Name长度必须至少为3个字符 State为必填字段 ModifiedBy为必填字段]","time":1629790676267288000}
2021/08/24 15:38:01 {"callers":["C:/Users/zhao/OneDrive/Code/src/tour/blogService/main.go: 30 main.init.0"],"level":"error","message":"app.BindAndValid errs: [Name长度必须至少为3个字符 State为必填字段 ModifiedBy为必填字段]","time":1629790681382707200}
2021/08/24 15:38:05 {"callers":["C:/Users/zhao/OneDrive/Code/src/tour/blogService/main.go: 30 main.init.0"],"level":"error","message":"app.BindAndValid errs: [ModifiedBy为必填字段 Name长度必须至少为3个字符 State为必填字段]","time":1629790685789876900}
2021/08/24 15:38:07 {"callers":["C:/Users/zhao/OneDrive/Code/src/tour/blogService/main.go: 30 main.init.0"],"level":"error","message":"app.BindAndValid errs: [Name长度必须至少为3个字符 State为必填字段 ModifiedBy为必填字段]","time":1629790687919127900}
2021/08/24 15:38:23 {"callers":["C:/Users/zhao/OneDrive/Code/src/tour/blogService/main.go: 30 main.init.0"],"level":"error","message":"app.BindAndValid errs: [ModifiedBy为必填字段 Name长度必须至少为3个字符 State为必填字段]","time":1629790703131150600}
2021/08/24 15:39:01 {"callers":["C:/Users/zhao/OneDrive/Code/src/tour/blogService/main.go: 30 main.init.0"],"level":"error","message":"app.BindAndValid errs: [Name长度必须至少为3个字符 State为必填字段]","time":1629790741785968800}
2021/08/24 15:39:14 {"callers":["C:/Users/zhao/OneDrive/Code/src/tour/blogService/main.go: 30 main.init.0"],"level":"error","message":"app.BindAndValid errs: [Name长度必须至少为3个字符 State为必填字段]","time":1629790754157151000}
2021/08/24 15:39:35 {"callers":["C:/Users/zhao/OneDrive/Code/src/tour/blogService/main.go: 30 main.init.0"],"level":"error","message":"app.BindAndValid errs: [State为必填字段]","time":1629790775218769200}
2021/08/24 15:39:49 {"callers":["C:/Users/zhao/OneDrive/Code/src/tour/blogService/main.go: 30 main.init.0"],"level":"error","message":"app.BindAndValid errs: [State为必填字段]","time":1629790789285594300}
2021/08/24 15:39:58 {"callers":["C:/Users/zhao/OneDrive/Code/src/tour/blogService/main.go: 30 main.init.0"],"level":"error","message":"app.BindAndValid errs: [State为必填字段]","time":1629790798731971300}
2021/08/24 15:40:10 {"callers":["C:/Users/zhao/OneDrive/Code/src/tour/blogService/main.go: 30 main.init.0"],"level":"error","message":"app.BindAndValid errs: [ID为必填字段 Name长度必须至少为3个字符 State为必填字段 ModifiedBy为必填字段]","time":1629790810428611200}
2021/08/24 15:40:41 {"callers":["C:/Users/zhao/OneDrive/Code/src/tour/blogService/main.go: 30 main.init.0"],"level":"error","message":"app.BindAndValid errs: [State为必填字段]","time":1629790841230982700}
2021/08/24 15:40:49 {"callers":["C:/Users/zhao/OneDrive/Code/src/tour/blogService/main.go: 30 main.init.0"],"level":"error","message":"app.BindAndValid errs: [State为必填字段]","time":1629790849217225300}
2021/08/24 15:40:57 {"callers":["C:/Users/zhao/OneDrive/Code/src/tour/blogService/main.go: 30 main.init.0"],"level":"error","message":"app.BindAndValid errs: [State为必填字段]","time":1629790857152119600}
2021/08/24 15:42:51 {"callers":["C:/Users/zhao/OneDrive/Code/src/tour/blogService/main.go: 30 main.init.0"],"level":"error","message":"app.BindAndValid errs: [State为必填字段]","time":1629790971459240100}
2021/08/24 15:43:18 {"callers":["C:/Users/zhao/OneDrive/Code/src/tour/blogService/main.go: 30 main.init.0"],"level":"error","message":"app.BindAndValid errs: [ID为必填字段 State为必填字段]","time":1629790998994009500}
2021/08/24 15:43:23 {"callers":["C:/Users/zhao/OneDrive/Code/src/tour/blogService/main.go: 30 main.init.0"],"level":"error","message":"app.BindAndValid errs: [State为必填字段]","time":1629791003483952900}
2021/08/24 15:43:33 {"callers":["C:/Users/zhao/OneDrive/Code/src/tour/blogService/main.go: 30 main.init.0"],"level":"error","message":"app.BindAndValid errs: [State为必填字段]","time":1629791013660150500}
2021/08/24 15:43:39 {"callers":["C:/Users/zhao/OneDrive/Code/src/tour/blogService/main.go: 30 main.init.0"],"level":"error","message":"app.BindAndValid errs: [Name长度必须至少为3个字符 State为必填字段]","time":1629791019765722500}
2021/08/24 15:43:47 {"callers":["C:/Users/zhao/OneDrive/Code/src/tour/blogService/main.go: 30 main.init.0"],"level":"error","message":"app.BindAndValid errs: [ModifiedBy为必填字段 State为必填字段]","time":1629791027571508000}
2021/08/24 15:43:54 {"callers":["C:/Users/zhao/OneDrive/Code/src/tour/blogService/main.go: 30 main.init.0"],"level":"error","message":"app.BindAndValid errs: [State为必填字段]","time":1629791034163047400}
2021/08/24 15:44:03 {"callers":["C:/Users/zhao/OneDrive/Code/src/tour/blogService/main.go: 30 main.init.0"],"level":"error","message":"app.BindAndValid errs: [State为必填字段]","time":1629791043036182500}
2021/08/24 15:44:09 {"callers":["C:/Users/zhao/OneDrive/Code/src/tour/blogService/main.go: 30 main.init.0"],"level":"error","message":"svc.UpdateTag err: sql: expected 7 arguments, got 6","time":1629791049154157600}
2021/08/24 15:45:36 {"callers":["C:/Users/zhao/OneDrive/Code/src/tour/blogService/main.go: 30 main.init.0"],"level":"error","message":"app.BindAndValid errs: [State为必填字段]","time":1629791136856455200}
